\BOOKMARK [0][-]{Doc-Start}{}{}% 1
\BOOKMARK [0][-]{chapter.1}{INTRODUCTION}{}% 2
\BOOKMARK [1][-]{section.1.1}{MOTIVATION}{chapter.1}% 3
\BOOKMARK [1][-]{section.1.2}{PURPOSE}{chapter.1}% 4
\BOOKMARK [1][-]{section.1.3}{INTENDED AUDIENCE AND READING SUGGESTIONS}{chapter.1}% 5
\BOOKMARK [1][-]{section.1.4}{PROJECT SCOPE}{chapter.1}% 6
\BOOKMARK [0][-]{chapter.2}{Overall description}{}% 7
\BOOKMARK [1][-]{section.2.1}{Product perspective}{chapter.2}% 8
\BOOKMARK [2][-]{subsection.2.1.1}{ Database System:}{section.2.1}% 9
\BOOKMARK [2][-]{subsection.2.1.2}{client side:}{section.2.1}% 10
\BOOKMARK [2][-]{subsection.2.1.3}{Server side:}{section.2.1}% 11
\BOOKMARK [1][-]{section.2.2}{PRODUCT FEATURES}{chapter.2}% 12
\BOOKMARK [1][-]{section.2.3}{User characteristics}{chapter.2}% 13
\BOOKMARK [2][-]{subsection.2.3.1}{Receptionist}{section.2.3}% 14
\BOOKMARK [2][-]{subsection.2.3.2}{Specialist}{section.2.3}% 15
\BOOKMARK [2][-]{subsection.2.3.3}{Client}{section.2.3}% 16
\BOOKMARK [2][-]{subsection.2.3.4}{Trainee}{section.2.3}% 17
\BOOKMARK [2][-]{subsection.2.3.5}{Trainer}{section.2.3}% 18
\BOOKMARK [1][-]{section.2.4}{OPERATING ENVIRONMENT}{chapter.2}% 19
\BOOKMARK [1][-]{section.2.5}{DESIGN AND IMPLEMENTATION CONSTRAINTS}{chapter.2}% 20
\BOOKMARK [2][-]{subsection.2.5.1}{Schema}{section.2.5}% 21
\BOOKMARK [2][-]{subsection.2.5.2}{Data flow diagram}{section.2.5}% 22
\BOOKMARK [2][-]{subsection.2.5.3}{Use case diagram}{section.2.5}% 23
\BOOKMARK [2][-]{subsection.2.5.4}{Class diagram}{section.2.5}% 24
\BOOKMARK [2][-]{subsection.2.5.5}{Activity Diagram}{section.2.5}% 25
\BOOKMARK [1][-]{section.2.6}{ASSUMPTION DEPENDENCIES}{chapter.2}% 26
\BOOKMARK [2][-]{subsection.2.6.1}{For Management system}{section.2.6}% 27
\BOOKMARK [2][-]{subsection.2.6.2}{For clinic system}{section.2.6}% 28
\BOOKMARK [2][-]{subsection.2.6.3}{For academic system}{section.2.6}% 29
\BOOKMARK [0][-]{chapter.3}{SYSTEM FEATURES}{}% 30
\BOOKMARK [1][-]{section.3.1}{reserve and booking}{chapter.3}% 31
\BOOKMARK [2][-]{subsection.3.1.1}{DESCRIPTION and PRIORITY}{section.3.1}% 32
\BOOKMARK [2][-]{subsection.3.1.2}{Stimulus/Response Sequences}{section.3.1}% 33
\BOOKMARK [2][-]{subsection.3.1.3}{FUNCTIONAL REQUIREMENTS}{section.3.1}% 34
\BOOKMARK [1][-]{section.3.2}{Generate schedule and confirm appointments}{chapter.3}% 35
\BOOKMARK [2][-]{subsection.3.2.1}{DESCRIPTION and PRIORITY}{section.3.2}% 36
\BOOKMARK [2][-]{subsection.3.2.2}{Stimulus/Response Sequences}{section.3.2}% 37
\BOOKMARK [2][-]{subsection.3.2.3}{FUNCTIONAL REQUIREMENTS}{section.3.2}% 38
\BOOKMARK [1][-]{section.3.3}{Calculations system}{chapter.3}% 39
\BOOKMARK [2][-]{subsection.3.3.1}{DESCRIPTION and PRIORITY}{section.3.3}% 40
\BOOKMARK [2][-]{subsection.3.3.2}{Stimulus/Response Sequences}{section.3.3}% 41
\BOOKMARK [2][-]{subsection.3.3.3}{FUNCTIONAL REQUIREMENTS}{section.3.3}% 42
\BOOKMARK [0][-]{chapter.4}{Nonfunctional Requirements}{}% 43
\BOOKMARK [1][-]{section.4.1}{Performance Requirements}{chapter.4}% 44
\BOOKMARK [1][-]{section.4.2}{Safety Requirements}{chapter.4}% 45
\BOOKMARK [1][-]{section.4.3}{Security Requirements}{chapter.4}% 46
\BOOKMARK [1][-]{section.4.4}{Software Quality Attributes}{chapter.4}% 47
\BOOKMARK [2][-]{subsection.4.4.1}{Availability}{section.4.4}% 48
\BOOKMARK [2][-]{subsection.4.4.2}{Conceptual Integrity}{section.4.4}% 49
\BOOKMARK [2][-]{subsection.4.4.3}{Interoperability}{section.4.4}% 50
\BOOKMARK [2][-]{subsection.4.4.4}{Maintainability}{section.4.4}% 51
\BOOKMARK [2][-]{subsection.4.4.5}{Manageability}{section.4.4}% 52
\BOOKMARK [2][-]{subsection.4.4.6}{Performance}{section.4.4}% 53
\BOOKMARK [2][-]{subsection.4.4.7}{Reliability}{section.4.4}% 54
\BOOKMARK [2][-]{subsection.4.4.8}{Reusability}{section.4.4}% 55
\BOOKMARK [2][-]{subsection.4.4.9}{Scalability}{section.4.4}% 56
\BOOKMARK [2][-]{subsection.4.4.10}{Security}{section.4.4}% 57
\BOOKMARK [2][-]{subsection.4.4.11}{Supportability}{section.4.4}% 58
\BOOKMARK [2][-]{subsection.4.4.12}{Testability}{section.4.4}% 59
\BOOKMARK [2][-]{subsection.4.4.13}{User Experience / Usability}{section.4.4}% 60
\BOOKMARK [0][-]{section*.47}{Glossary}{}% 61
\BOOKMARK [0][-]{DTLrowi.4.26}{References}{}% 62
